2024-10-17 08:44:28 [scrapy] DEBUG: Crawled (404) <GET http://quotes.toscrape.com/robots.txt> (referer: None)
2024-10-17 08:44:28 [scrapy] DEBUG: Crawled (200) <GET http://quotes.toscrape.com/> (referer: None)
2024-10-17 08:44:28 [scrapy] DEBUG: Scraped from <200 http://quotes.toscrape.com/>
{'quote': '“The world as we have created it is a process of our thinking. It cannot be changed without changing our thinking.”', 'author': 'Albert Einstein', 'tag': ['change', 'deep-thoughts', 'thinking', 'world']}
2024-10-17 08:44:28 [scrapy] DEBUG: Scraped from <200 http://quotes.toscrape.com/>
{'quote': '“It is our choices, Harry, that show what we truly are, far more than our abilities.”', 'author': 'J.K. Rowling', 'tag': ['abilities', 'choices']}
2024-10-17 08:44:28 [scrapy] DEBUG: Scraped from <200 http://quotes.toscrape.com/>
{'quote': '“There are only two ways to live your life. One is as though nothing is a miracle. The other is as though everything is a miracle.”', 'author': 'Albert Einstein', 'tag': ['inspirational', 'life', 'live', 'miracle', 'miracles']}
2024-10-17 08:44:28 [scrapy] DEBUG: Scraped from <200 http://quotes.toscrape.com/>
{'quote': '“The person, be it gentleman or lady, who has not pleasure in a good novel, must be intolerably stupid.”', 'author': 'Jane Austen', 'tag': ['aliteracy', 'books', 'classic', 'humor']}
2024-10-17 08:44:28 [scrapy] DEBUG: Scraped from <200 http://quotes.toscrape.com/>
{'quote': "“Imperfection is beauty, madness is genius and it's better to be absolutely ridiculous than absolutely boring.”", 'author': 'Marilyn Monroe', 'tag': ['be-yourself', 'inspirational']}
2024-10-17 08:44:28 [scrapy] DEBUG: Scraped from <200 http://quotes.toscrape.com/>
{'quote': '“Try not to become a man of success. Rather become a man of value.”', 'author': 'Albert Einstein', 'tag': ['adulthood', 'success', 'value']}
2024-10-17 08:44:28 [scrapy] DEBUG: Scraped from <200 http://quotes.toscrape.com/>
{'quote': '“It is better to be hated for what you are than to be loved for what you are not.”', 'author': 'André Gide', 'tag': ['life', 'love']}
2024-10-17 08:44:28 [scrapy] DEBUG: Scraped from <200 http://quotes.toscrape.com/>
{'quote': "“I have not failed. I've just found 10,000 ways that won't work.”", 'author': 'Thomas A. Edison', 'tag': ['edison', 'failure', 'inspirational', 'paraphrased']}
2024-10-17 08:44:28 [scrapy] DEBUG: Scraped from <200 http://quotes.toscrape.com/>
{'quote': "“A woman is like a tea bag; you never know how strong it is until it's in hot water.”", 'author': 'Eleanor Roosevelt', 'tag': ['misattributed-eleanor-roosevelt']}
2024-10-17 08:44:28 [scrapy] DEBUG: Scraped from <200 http://quotes.toscrape.com/>
{'quote': '“A day without sunshine is like, you know, night.”', 'author': 'Steve Martin', 'tag': ['humor', 'obvious', 'simile']}
2024-10-17 08:44:28 [scrapy] INFO: Closing spider (finished)
2024-10-17 08:44:28 [scrapy] INFO: Dumping Scrapy stats:
{'downloader/request_bytes': 450,
 'downloader/request_count': 2,
 'downloader/request_method_count/GET': 2,
 'downloader/response_bytes': 11514,
 'downloader/response_count': 2,
 'downloader/response_status_count/200': 1,
 'downloader/response_status_count/404': 1,
 'elapsed_time_seconds': 0.720154,
 'finish_reason': 'finished',
 'finish_time': datetime.datetime(2024, 10, 17, 11, 44, 28, 898653, tzinfo=datetime.timezone.utc),
 'item_scraped_count': 10,
 'log_count/DEBUG': 12,
 'log_count/INFO': 7,
 'response_received_count': 2,
 'robotstxt/request_count': 1,
 'robotstxt/response_count': 1,
 'robotstxt/response_status_count/404': 1,
 'scheduler/dequeued': 1,
 'scheduler/dequeued/memory': 1,
 'scheduler/enqueued': 1,
 'scheduler/enqueued/memory': 1,
 'start_time': datetime.datetime(2024, 10, 17, 11, 44, 28, 178499, tzinfo=datetime.timezone.utc)}
2024-10-17 08:44:28 [scrapy] INFO: Spider closed (finished)
